[2025-11-18 01-51-42] PDOException: SQLSTATE[HY000] [2002] No such file or directory #2002 in /var/www/html/vendor/flightphp/tracy-extensions/src/debug/database/PdoQueryCapture.php:26  @  http://localhost:8080/  @@  exception--2025-11-18--01-51--3e11025cb6.html
[2025-11-18 04-11-40] Exception: Class 'GradeController' not found. Is it being correctly autoloaded with Flight::path()? in /var/www/html/vendor/flightphp/core/flight/core/Dispatcher.php:410  @  http://localhost:8080/grades/student/1/semester/S1  @@  exception--2025-11-18--04-11--e3d4a2fa52.html
[2025-11-18 04-12-02] Exception: Class 'GradeController' not found. Is it being correctly autoloaded with Flight::path()? in /var/www/html/vendor/flightphp/core/flight/core/Dispatcher.php:410  @  http://localhost:8080/grades/student/1/semester/S1  @@  exception--2025-11-18--04-11--e3d4a2fa52.html
[2025-11-18 04-13-45] Exception: Class 'GradeController' not found. Is it being correctly autoloaded with Flight::path()? in /var/www/html/vendor/flightphp/core/flight/core/Dispatcher.php:410  @  http://localhost:8080/grades/student/1/year/L1  @@  exception--2025-11-18--04-11--e3d4a2fa52.html
[2025-11-18 04-15-55] Exception: Class 'GradeController' not found. Is it being correctly autoloaded with Flight::path()? in /var/www/html/vendor/flightphp/core/flight/core/Dispatcher.php:410  @  http://localhost:8080/grades/student/1/year/L1  @@  exception--2025-11-18--04-11--e3d4a2fa52.html
[2025-11-18 04-16-39] Exception: Class 'GradeController' not found. Is it being correctly autoloaded with Flight::path()? in /var/www/html/vendor/flightphp/core/flight/core/Dispatcher.php:410  @  http://localhost:8080/grades/student/1/year/L1  @@  exception--2025-11-18--04-11--e3d4a2fa52.html
[2025-11-18 04-16-40] Exception: Class 'GradeController' not found. Is it being correctly autoloaded with Flight::path()? in /var/www/html/vendor/flightphp/core/flight/core/Dispatcher.php:410  @  http://localhost:8080/grades/student/1/year/L1  @@  exception--2025-11-18--04-11--e3d4a2fa52.html
[2025-11-18 04-38-27] InvalidArgumentException: Invalid callback specified. in /var/www/html/vendor/flightphp/core/flight/core/Dispatcher.php:390  @  http://localhost:8080/grades/student/1/semester/S1  @@  exception--2025-11-18--04-38--d3e810daf0.html
[2025-11-21 00-47-27] ParseError: syntax error, unexpected variable "$Controller", expecting ")" in /var/www/html/app/config/routes.php:70  @  http://localhost:8080/login  @@  exception--2025-11-21--00-47--4543e842e0.html
[2025-11-21 00-49-38] Error: Call to undefined method flight\net\Router::match(), did you mean patch()? in /var/www/html/app/config/routes.php:38  @  http://localhost:8080/students/2  @@  exception--2025-11-21--00-49--7b2f769b3e.html
[2025-11-21 00-50-07] Error: Call to undefined method flight\net\Router::match(), did you mean patch()? in /var/www/html/app/config/routes.php:38  @  http://localhost:8080/students  @@  exception--2025-11-21--00-49--7b2f769b3e.html
[2025-11-21 00-53-25] Error: Call to undefined method flight\net\Router::match(), did you mean patch()? in /var/www/html/app/config/routes.php:38  @  http://localhost:8080/debug-jwt'/  @@  exception--2025-11-21--00-49--7b2f769b3e.html
[2025-11-21 00-53-29] Error: Call to undefined method flight\net\Router::match(), did you mean patch()? in /var/www/html/app/config/routes.php:38  @  http://localhost:8080/debug-jwt  @@  exception--2025-11-21--00-49--7b2f769b3e.html
[2025-11-21 00-55-13] Error: Call to undefined method flight\net\Router::match(), did you mean patch()? in /var/www/html/app/config/routes.php:35  @  http://localhost:8080/debug-jwt  @@  exception--2025-11-21--00-55--03c9a6f8c8.html
[2025-11-21 00-57-13] Error: Call to undefined method flight\net\Router::match(), did you mean patch()? in /var/www/html/app/config/routes.php:35  @  http://localhost:8080/students  @@  exception--2025-11-21--00-55--03c9a6f8c8.html
[2025-11-21 00-58-02] Error: Call to undefined method flight\net\Router::match(), did you mean patch()? in /var/www/html/app/config/routes.php:35  @  http://localhost:8080/students  @@  exception--2025-11-21--00-55--03c9a6f8c8.html
[2025-11-21 00-59-20] Error: Call to undefined method flight\net\Router::match(), did you mean patch()? in /var/www/html/app/config/routes.php:35  @  http://localhost:8080/students  @@  exception--2025-11-21--00-55--03c9a6f8c8.html
[2025-11-21 00-59-21] Error: Call to undefined method flight\net\Router::match(), did you mean patch()? in /var/www/html/app/config/routes.php:35  @  http://localhost:8080/students  @@  exception--2025-11-21--00-55--03c9a6f8c8.html
[2025-11-21 01-02-21] Error: Call to undefined method app\helpers\JWT::decode() in /var/www/html/app/config/routes.php:37  @  http://localhost:8080/students  @@  exception--2025-11-21--01-02--499f283c94.html
[2025-11-21 01-02-50] Error: Call to undefined method app\helpers\JWT::decode() in /var/www/html/app/config/routes.php:37  @  http://localhost:8080/students  @@  exception--2025-11-21--01-02--499f283c94.html
[2025-11-21 01-06-05] Error: Call to undefined method app\helpers\JWT::decode() in /var/www/html/app/config/routes.php:35  @  http://localhost:8080/students  @@  exception--2025-11-21--01-06--146e9993ca.html
[2025-11-21 01-10-37] Error: Class "Firebase\JWT\JWT" not found in /var/www/html/app/helpers/JWT.php:20  @  http://localhost:8080/students  @@  exception--2025-11-21--01-10--eedd5fb903.html
[2025-11-21 01-11-07] Error: Class "Firebase\JWT\JWT" not found in /var/www/html/app/helpers/JWT.php:20  @  http://localhost:8080/students  @@  exception--2025-11-21--01-11--941240eeac.html
[2025-11-21 01-11-12] Error: Call to undefined method app\helpers\JWT::generate() in /var/www/html/app/controllers/AuthController.php:27  @  http://localhost:8080/login  @@  exception--2025-11-21--01-11--099831c1e3.html
